<?xml version="1.0" encoding="UTF-8"?>
<testsuite xmlns:xsi="http://www.w3.org/2001/XMLSchema-instance" xsi:noNamespaceSchemaLocation="https://maven.apache.org/surefire/maven-surefire-plugin/xsd/surefire-test-report.xsd" name="com.shangan.trade.coupon.RedisTest" time="6.589" tests="3" errors="0" skipped="0" failures="0">
  <properties>
    <property name="gopherProxySet" value="false"/>
    <property name="awt.toolkit" value="sun.lwawt.macosx.LWCToolkit"/>
    <property name="file.encoding.pkg" value="sun.io"/>
    <property name="java.specification.version" value="1.8"/>
    <property name="sun.cpu.isalist" value=""/>
    <property name="sun.jnu.encoding" value="UTF-8"/>
    <property name="java.class.path" value="/Users/huiningzhang/Documents/SpringBootDemo/coupon-dev/trade-coupon/target/test-classes:/Users/huiningzhang/Documents/SpringBootDemo/coupon-dev/trade-coupon/target/classes:/Users/huiningzhang/.m2/repository/org/springframework/boot/spring-boot-starter-web/2.3.6.RELEASE/spring-boot-starter-web-2.3.6.RELEASE.jar:/Users/huiningzhang/.m2/repository/org/springframework/boot/spring-boot-starter/2.3.6.RELEASE/spring-boot-starter-2.3.6.RELEASE.jar:/Users/huiningzhang/.m2/repository/org/springframework/boot/spring-boot-starter-logging/2.3.6.RELEASE/spring-boot-starter-logging-2.3.6.RELEASE.jar:/Users/huiningzhang/.m2/repository/ch/qos/logback/logback-classic/1.2.3/logback-classic-1.2.3.jar:/Users/huiningzhang/.m2/repository/ch/qos/logback/logback-core/1.2.3/logback-core-1.2.3.jar:/Users/huiningzhang/.m2/repository/org/apache/logging/log4j/log4j-to-slf4j/2.13.3/log4j-to-slf4j-2.13.3.jar:/Users/huiningzhang/.m2/repository/org/apache/logging/log4j/log4j-api/2.13.3/log4j-api-2.13.3.jar:/Users/huiningzhang/.m2/repository/org/slf4j/jul-to-slf4j/1.7.30/jul-to-slf4j-1.7.30.jar:/Users/huiningzhang/.m2/repository/jakarta/annotation/jakarta.annotation-api/1.3.5/jakarta.annotation-api-1.3.5.jar:/Users/huiningzhang/.m2/repository/org/yaml/snakeyaml/1.26/snakeyaml-1.26.jar:/Users/huiningzhang/.m2/repository/org/springframework/boot/spring-boot-starter-json/2.3.6.RELEASE/spring-boot-starter-json-2.3.6.RELEASE.jar:/Users/huiningzhang/.m2/repository/com/fasterxml/jackson/core/jackson-databind/2.11.3/jackson-databind-2.11.3.jar:/Users/huiningzhang/.m2/repository/com/fasterxml/jackson/core/jackson-annotations/2.11.3/jackson-annotations-2.11.3.jar:/Users/huiningzhang/.m2/repository/com/fasterxml/jackson/core/jackson-core/2.11.3/jackson-core-2.11.3.jar:/Users/huiningzhang/.m2/repository/com/fasterxml/jackson/datatype/jackson-datatype-jdk8/2.11.3/jackson-datatype-jdk8-2.11.3.jar:/Users/huiningzhang/.m2/repository/com/fasterxml/jackson/datatype/jackson-datatype-jsr310/2.11.3/jackson-datatype-jsr310-2.11.3.jar:/Users/huiningzhang/.m2/repository/com/fasterxml/jackson/module/jackson-module-parameter-names/2.11.3/jackson-module-parameter-names-2.11.3.jar:/Users/huiningzhang/.m2/repository/org/springframework/boot/spring-boot-starter-tomcat/2.3.6.RELEASE/spring-boot-starter-tomcat-2.3.6.RELEASE.jar:/Users/huiningzhang/.m2/repository/org/apache/tomcat/embed/tomcat-embed-core/9.0.39/tomcat-embed-core-9.0.39.jar:/Users/huiningzhang/.m2/repository/org/glassfish/jakarta.el/3.0.3/jakarta.el-3.0.3.jar:/Users/huiningzhang/.m2/repository/org/apache/tomcat/embed/tomcat-embed-websocket/9.0.39/tomcat-embed-websocket-9.0.39.jar:/Users/huiningzhang/.m2/repository/org/springframework/spring-web/5.2.11.RELEASE/spring-web-5.2.11.RELEASE.jar:/Users/huiningzhang/.m2/repository/org/springframework/spring-beans/5.2.11.RELEASE/spring-beans-5.2.11.RELEASE.jar:/Users/huiningzhang/.m2/repository/org/springframework/spring-webmvc/5.2.11.RELEASE/spring-webmvc-5.2.11.RELEASE.jar:/Users/huiningzhang/.m2/repository/org/springframework/spring-aop/5.2.11.RELEASE/spring-aop-5.2.11.RELEASE.jar:/Users/huiningzhang/.m2/repository/org/springframework/spring-expression/5.2.11.RELEASE/spring-expression-5.2.11.RELEASE.jar:/Users/huiningzhang/.m2/repository/org/springframework/boot/spring-boot-starter-actuator/2.3.6.RELEASE/spring-boot-starter-actuator-2.3.6.RELEASE.jar:/Users/huiningzhang/.m2/repository/org/springframework/boot/spring-boot-actuator-autoconfigure/2.3.6.RELEASE/spring-boot-actuator-autoconfigure-2.3.6.RELEASE.jar:/Users/huiningzhang/.m2/repository/org/springframework/boot/spring-boot-actuator/2.3.6.RELEASE/spring-boot-actuator-2.3.6.RELEASE.jar:/Users/huiningzhang/.m2/repository/io/micrometer/micrometer-core/1.5.7/micrometer-core-1.5.7.jar:/Users/huiningzhang/.m2/repository/org/hdrhistogram/HdrHistogram/2.1.12/HdrHistogram-2.1.12.jar:/Users/huiningzhang/.m2/repository/org/latencyutils/LatencyUtils/2.0.3/LatencyUtils-2.0.3.jar:/Users/huiningzhang/.m2/repository/org/springframework/cloud/spring-cloud-starter-consul-discovery/2.2.1.RELEASE/spring-cloud-starter-consul-discovery-2.2.1.RELEASE.jar:/Users/huiningzhang/.m2/repository/org/springframework/cloud/spring-cloud-starter-consul/2.2.1.RELEASE/spring-cloud-starter-consul-2.2.1.RELEASE.jar:/Users/huiningzhang/.m2/repository/org/springframework/cloud/spring-cloud-context/2.2.1.RELEASE/spring-cloud-context-2.2.1.RELEASE.jar:/Users/huiningzhang/.m2/repository/org/springframework/cloud/spring-cloud-consul-core/2.2.1.RELEASE/spring-cloud-consul-core-2.2.1.RELEASE.jar:/Users/huiningzhang/.m2/repository/com/ecwid/consul/consul-api/1.4.1/consul-api-1.4.1.jar:/Users/huiningzhang/.m2/repository/com/google/code/gson/gson/2.8.6/gson-2.8.6.jar:/Users/huiningzhang/.m2/repository/org/apache/httpcomponents/httpclient/4.5.13/httpclient-4.5.13.jar:/Users/huiningzhang/.m2/repository/commons-codec/commons-codec/1.14/commons-codec-1.14.jar:/Users/huiningzhang/.m2/repository/org/apache/httpcomponents/httpcore/4.4.13/httpcore-4.4.13.jar:/Users/huiningzhang/.m2/repository/org/springframework/cloud/spring-cloud-consul-discovery/2.2.1.RELEASE/spring-cloud-consul-discovery-2.2.1.RELEASE.jar:/Users/huiningzhang/.m2/repository/commons-configuration/commons-configuration/1.8/commons-configuration-1.8.jar:/Users/huiningzhang/.m2/repository/commons-lang/commons-lang/2.6/commons-lang-2.6.jar:/Users/huiningzhang/.m2/repository/org/springframework/cloud/spring-cloud-netflix-hystrix/2.2.1.RELEASE/spring-cloud-netflix-hystrix-2.2.1.RELEASE.jar:/Users/huiningzhang/.m2/repository/org/springframework/boot/spring-boot-starter-aop/2.3.6.RELEASE/spring-boot-starter-aop-2.3.6.RELEASE.jar:/Users/huiningzhang/.m2/repository/org/aspectj/aspectjweaver/1.9.6/aspectjweaver-1.9.6.jar:/Users/huiningzhang/.m2/repository/org/springframework/cloud/spring-cloud-starter-netflix-ribbon/2.2.1.RELEASE/spring-cloud-starter-netflix-ribbon-2.2.1.RELEASE.jar:/Users/huiningzhang/.m2/repository/org/springframework/cloud/spring-cloud-netflix-ribbon/2.2.1.RELEASE/spring-cloud-netflix-ribbon-2.2.1.RELEASE.jar:/Users/huiningzhang/.m2/repository/org/springframework/cloud/spring-cloud-netflix-archaius/2.2.1.RELEASE/spring-cloud-netflix-archaius-2.2.1.RELEASE.jar:/Users/huiningzhang/.m2/repository/org/springframework/cloud/spring-cloud-starter-netflix-archaius/2.2.1.RELEASE/spring-cloud-starter-netflix-archaius-2.2.1.RELEASE.jar:/Users/huiningzhang/.m2/repository/com/netflix/ribbon/ribbon/2.3.0/ribbon-2.3.0.jar:/Users/huiningzhang/.m2/repository/com/netflix/ribbon/ribbon-transport/2.3.0/ribbon-transport-2.3.0.jar:/Users/huiningzhang/.m2/repository/io/reactivex/rxnetty-contexts/0.4.9/rxnetty-contexts-0.4.9.jar:/Users/huiningzhang/.m2/repository/io/reactivex/rxnetty-servo/0.4.9/rxnetty-servo-0.4.9.jar:/Users/huiningzhang/.m2/repository/javax/inject/javax.inject/1/javax.inject-1.jar:/Users/huiningzhang/.m2/repository/io/reactivex/rxnetty/0.4.9/rxnetty-0.4.9.jar:/Users/huiningzhang/.m2/repository/com/google/guava/guava/16.0.1/guava-16.0.1.jar:/Users/huiningzhang/.m2/repository/com/netflix/ribbon/ribbon-core/2.3.0/ribbon-core-2.3.0.jar:/Users/huiningzhang/.m2/repository/com/netflix/ribbon/ribbon-httpclient/2.3.0/ribbon-httpclient-2.3.0.jar:/Users/huiningzhang/.m2/repository/commons-collections/commons-collections/3.2.2/commons-collections-3.2.2.jar:/Users/huiningzhang/.m2/repository/com/sun/jersey/jersey-client/1.19.1/jersey-client-1.19.1.jar:/Users/huiningzhang/.m2/repository/com/sun/jersey/jersey-core/1.19.1/jersey-core-1.19.1.jar:/Users/huiningzhang/.m2/repository/javax/ws/rs/jsr311-api/1.1.1/jsr311-api-1.1.1.jar:/Users/huiningzhang/.m2/repository/com/sun/jersey/contribs/jersey-apache-client4/1.19.1/jersey-apache-client4-1.19.1.jar:/Users/huiningzhang/.m2/repository/com/netflix/servo/servo-core/0.12.21/servo-core-0.12.21.jar:/Users/huiningzhang/.m2/repository/com/netflix/netflix-commons/netflix-commons-util/0.3.0/netflix-commons-util-0.3.0.jar:/Users/huiningzhang/.m2/repository/com/netflix/ribbon/ribbon-loadbalancer/2.3.0/ribbon-loadbalancer-2.3.0.jar:/Users/huiningzhang/.m2/repository/com/netflix/netflix-commons/netflix-statistics/0.1.1/netflix-statistics-0.1.1.jar:/Users/huiningzhang/.m2/repository/io/reactivex/rxjava/1.3.8/rxjava-1.3.8.jar:/Users/huiningzhang/.m2/repository/org/springframework/cloud/spring-cloud-starter-loadbalancer/2.2.1.RELEASE/spring-cloud-starter-loadbalancer-2.2.1.RELEASE.jar:/Users/huiningzhang/.m2/repository/org/springframework/cloud/spring-cloud-loadbalancer/2.2.1.RELEASE/spring-cloud-loadbalancer-2.2.1.RELEASE.jar:/Users/huiningzhang/.m2/repository/io/projectreactor/reactor-core/3.3.11.RELEASE/reactor-core-3.3.11.RELEASE.jar:/Users/huiningzhang/.m2/repository/org/reactivestreams/reactive-streams/1.0.3/reactive-streams-1.0.3.jar:/Users/huiningzhang/.m2/repository/io/projectreactor/addons/reactor-extra/3.3.4.RELEASE/reactor-extra-3.3.4.RELEASE.jar:/Users/huiningzhang/.m2/repository/org/springframework/boot/spring-boot-starter-cache/2.3.6.RELEASE/spring-boot-starter-cache-2.3.6.RELEASE.jar:/Users/huiningzhang/.m2/repository/org/springframework/spring-context-support/5.2.11.RELEASE/spring-context-support-5.2.11.RELEASE.jar:/Users/huiningzhang/.m2/repository/com/stoyanr/evictor/1.0.0/evictor-1.0.0.jar:/Users/huiningzhang/.m2/repository/joda-time/joda-time/2.10.5/joda-time-2.10.5.jar:/Users/huiningzhang/.m2/repository/org/springframework/boot/spring-boot-starter-test/2.3.6.RELEASE/spring-boot-starter-test-2.3.6.RELEASE.jar:/Users/huiningzhang/.m2/repository/org/springframework/boot/spring-boot-test/2.3.6.RELEASE/spring-boot-test-2.3.6.RELEASE.jar:/Users/huiningzhang/.m2/repository/org/springframework/boot/spring-boot-test-autoconfigure/2.3.6.RELEASE/spring-boot-test-autoconfigure-2.3.6.RELEASE.jar:/Users/huiningzhang/.m2/repository/com/jayway/jsonpath/json-path/2.4.0/json-path-2.4.0.jar:/Users/huiningzhang/.m2/repository/net/minidev/json-smart/2.3/json-smart-2.3.jar:/Users/huiningzhang/.m2/repository/net/minidev/accessors-smart/1.2/accessors-smart-1.2.jar:/Users/huiningzhang/.m2/repository/org/ow2/asm/asm/5.0.4/asm-5.0.4.jar:/Users/huiningzhang/.m2/repository/jakarta/xml/bind/jakarta.xml.bind-api/2.3.3/jakarta.xml.bind-api-2.3.3.jar:/Users/huiningzhang/.m2/repository/jakarta/activation/jakarta.activation-api/1.2.2/jakarta.activation-api-1.2.2.jar:/Users/huiningzhang/.m2/repository/org/assertj/assertj-core/3.16.1/assertj-core-3.16.1.jar:/Users/huiningzhang/.m2/repository/org/hamcrest/hamcrest/2.2/hamcrest-2.2.jar:/Users/huiningzhang/.m2/repository/org/junit/jupiter/junit-jupiter/5.6.3/junit-jupiter-5.6.3.jar:/Users/huiningzhang/.m2/repository/org/junit/jupiter/junit-jupiter-api/5.6.3/junit-jupiter-api-5.6.3.jar:/Users/huiningzhang/.m2/repository/org/opentest4j/opentest4j/1.2.0/opentest4j-1.2.0.jar:/Users/huiningzhang/.m2/repository/org/junit/platform/junit-platform-commons/1.6.3/junit-platform-commons-1.6.3.jar:/Users/huiningzhang/.m2/repository/org/junit/jupiter/junit-jupiter-params/5.6.3/junit-jupiter-params-5.6.3.jar:/Users/huiningzhang/.m2/repository/org/junit/jupiter/junit-jupiter-engine/5.6.3/junit-jupiter-engine-5.6.3.jar:/Users/huiningzhang/.m2/repository/org/junit/vintage/junit-vintage-engine/5.6.3/junit-vintage-engine-5.6.3.jar:/Users/huiningzhang/.m2/repository/org/apiguardian/apiguardian-api/1.1.0/apiguardian-api-1.1.0.jar:/Users/huiningzhang/.m2/repository/org/junit/platform/junit-platform-engine/1.6.3/junit-platform-engine-1.6.3.jar:/Users/huiningzhang/.m2/repository/junit/junit/4.13.1/junit-4.13.1.jar:/Users/huiningzhang/.m2/repository/org/mockito/mockito-core/3.3.3/mockito-core-3.3.3.jar:/Users/huiningzhang/.m2/repository/net/bytebuddy/byte-buddy/1.10.18/byte-buddy-1.10.18.jar:/Users/huiningzhang/.m2/repository/net/bytebuddy/byte-buddy-agent/1.10.18/byte-buddy-agent-1.10.18.jar:/Users/huiningzhang/.m2/repository/org/objenesis/objenesis/2.6/objenesis-2.6.jar:/Users/huiningzhang/.m2/repository/org/mockito/mockito-junit-jupiter/3.3.3/mockito-junit-jupiter-3.3.3.jar:/Users/huiningzhang/.m2/repository/org/skyscreamer/jsonassert/1.5.0/jsonassert-1.5.0.jar:/Users/huiningzhang/.m2/repository/com/vaadin/external/google/android-json/0.0.20131108.vaadin1/android-json-0.0.20131108.vaadin1.jar:/Users/huiningzhang/.m2/repository/org/springframework/spring-core/5.2.11.RELEASE/spring-core-5.2.11.RELEASE.jar:/Users/huiningzhang/.m2/repository/org/springframework/spring-jcl/5.2.11.RELEASE/spring-jcl-5.2.11.RELEASE.jar:/Users/huiningzhang/.m2/repository/org/springframework/spring-test/5.2.11.RELEASE/spring-test-5.2.11.RELEASE.jar:/Users/huiningzhang/.m2/repository/org/xmlunit/xmlunit-core/2.7.0/xmlunit-core-2.7.0.jar:/Users/huiningzhang/.m2/repository/org/springframework/cloud/spring-cloud-starter-openfeign/2.2.1.RELEASE/spring-cloud-starter-openfeign-2.2.1.RELEASE.jar:/Users/huiningzhang/.m2/repository/org/springframework/cloud/spring-cloud-starter/2.2.1.RELEASE/spring-cloud-starter-2.2.1.RELEASE.jar:/Users/huiningzhang/.m2/repository/org/springframework/security/spring-security-rsa/1.0.9.RELEASE/spring-security-rsa-1.0.9.RELEASE.jar:/Users/huiningzhang/.m2/repository/org/bouncycastle/bcpkix-jdk15on/1.64/bcpkix-jdk15on-1.64.jar:/Users/huiningzhang/.m2/repository/org/bouncycastle/bcprov-jdk15on/1.64/bcprov-jdk15on-1.64.jar:/Users/huiningzhang/.m2/repository/org/springframework/cloud/spring-cloud-openfeign-core/2.2.1.RELEASE/spring-cloud-openfeign-core-2.2.1.RELEASE.jar:/Users/huiningzhang/.m2/repository/io/github/openfeign/form/feign-form-spring/3.8.0/feign-form-spring-3.8.0.jar:/Users/huiningzhang/.m2/repository/io/github/openfeign/form/feign-form/3.8.0/feign-form-3.8.0.jar:/Users/huiningzhang/.m2/repository/commons-fileupload/commons-fileupload/1.4/commons-fileupload-1.4.jar:/Users/huiningzhang/.m2/repository/commons-io/commons-io/2.2/commons-io-2.2.jar:/Users/huiningzhang/.m2/repository/org/springframework/cloud/spring-cloud-commons/2.2.1.RELEASE/spring-cloud-commons-2.2.1.RELEASE.jar:/Users/huiningzhang/.m2/repository/org/springframework/security/spring-security-crypto/5.3.5.RELEASE/spring-security-crypto-5.3.5.RELEASE.jar:/Users/huiningzhang/.m2/repository/io/github/openfeign/feign-core/10.4.0/feign-core-10.4.0.jar:/Users/huiningzhang/.m2/repository/io/github/openfeign/feign-slf4j/10.4.0/feign-slf4j-10.4.0.jar:/Users/huiningzhang/.m2/repository/io/github/openfeign/feign-hystrix/10.4.0/feign-hystrix-10.4.0.jar:/Users/huiningzhang/.m2/repository/com/netflix/archaius/archaius-core/0.7.6/archaius-core-0.7.6.jar:/Users/huiningzhang/.m2/repository/com/google/code/findbugs/jsr305/3.0.1/jsr305-3.0.1.jar:/Users/huiningzhang/.m2/repository/com/netflix/hystrix/hystrix-core/1.5.18/hystrix-core-1.5.18.jar:/Users/huiningzhang/.m2/repository/org/springframework/boot/spring-boot-devtools/2.3.6.RELEASE/spring-boot-devtools-2.3.6.RELEASE.jar:/Users/huiningzhang/.m2/repository/org/springframework/boot/spring-boot/2.3.6.RELEASE/spring-boot-2.3.6.RELEASE.jar:/Users/huiningzhang/.m2/repository/org/springframework/boot/spring-boot-autoconfigure/2.3.6.RELEASE/spring-boot-autoconfigure-2.3.6.RELEASE.jar:/Users/huiningzhang/.m2/repository/org/projectlombok/lombok/1.18.16/lombok-1.18.16.jar:/Users/huiningzhang/.m2/repository/mysql/mysql-connector-java/8.0.22/mysql-connector-java-8.0.22.jar:/Users/huiningzhang/.m2/repository/org/mybatis/generator/mybatis-generator-core/1.3.7/mybatis-generator-core-1.3.7.jar:/Users/huiningzhang/.m2/repository/org/mybatis/spring/boot/mybatis-spring-boot-starter/2.1.2/mybatis-spring-boot-starter-2.1.2.jar:/Users/huiningzhang/.m2/repository/org/springframework/boot/spring-boot-starter-jdbc/2.3.6.RELEASE/spring-boot-starter-jdbc-2.3.6.RELEASE.jar:/Users/huiningzhang/.m2/repository/com/zaxxer/HikariCP/3.4.5/HikariCP-3.4.5.jar:/Users/huiningzhang/.m2/repository/org/springframework/spring-jdbc/5.2.11.RELEASE/spring-jdbc-5.2.11.RELEASE.jar:/Users/huiningzhang/.m2/repository/org/mybatis/spring/boot/mybatis-spring-boot-autoconfigure/2.1.2/mybatis-spring-boot-autoconfigure-2.1.2.jar:/Users/huiningzhang/.m2/repository/org/mybatis/mybatis/3.5.4/mybatis-3.5.4.jar:/Users/huiningzhang/.m2/repository/org/mybatis/mybatis-spring/2.0.4/mybatis-spring-2.0.4.jar:/Users/huiningzhang/.m2/repository/com/alibaba/fastjson/1.2.75/fastjson-1.2.75.jar:/Users/huiningzhang/.m2/repository/redis/clients/jedis/3.6.2/jedis-3.6.2.jar:/Users/huiningzhang/.m2/repository/org/slf4j/slf4j-api/1.7.30/slf4j-api-1.7.30.jar:/Users/huiningzhang/.m2/repository/org/apache/commons/commons-pool2/2.8.1/commons-pool2-2.8.1.jar:/Users/huiningzhang/.m2/repository/org/springframework/kafka/spring-kafka/2.5.8.RELEASE/spring-kafka-2.5.8.RELEASE.jar:/Users/huiningzhang/.m2/repository/org/springframework/spring-context/5.2.11.RELEASE/spring-context-5.2.11.RELEASE.jar:/Users/huiningzhang/.m2/repository/org/springframework/spring-messaging/5.2.11.RELEASE/spring-messaging-5.2.11.RELEASE.jar:/Users/huiningzhang/.m2/repository/org/springframework/spring-tx/5.2.11.RELEASE/spring-tx-5.2.11.RELEASE.jar:/Users/huiningzhang/.m2/repository/org/springframework/retry/spring-retry/1.2.5.RELEASE/spring-retry-1.2.5.RELEASE.jar:/Users/huiningzhang/.m2/repository/org/apache/kafka/kafka-clients/2.5.1/kafka-clients-2.5.1.jar:/Users/huiningzhang/.m2/repository/com/github/luben/zstd-jni/1.4.4-7/zstd-jni-1.4.4-7.jar:/Users/huiningzhang/.m2/repository/org/lz4/lz4-java/1.7.1/lz4-java-1.7.1.jar:/Users/huiningzhang/.m2/repository/org/xerial/snappy/snappy-java/1.1.7.3/snappy-java-1.1.7.3.jar:"/>
    <property name="java.vm.vendor" value="Oracle Corporation"/>
    <property name="sun.arch.data.model" value="64"/>
    <property name="java.vendor.url" value="http://java.oracle.com/"/>
    <property name="user.timezone" value=""/>
    <property name="java.vm.specification.version" value="1.8"/>
    <property name="os.name" value="Mac OS X"/>
    <property name="user.country" value="US"/>
    <property name="sun.java.launcher" value="SUN_STANDARD"/>
    <property name="sun.boot.library.path" value="/Library/Java/JavaVirtualMachines/jdk1.8.0_201.jdk/Contents/Home/jre/lib"/>
    <property name="sun.java.command" value="/Users/huiningzhang/Documents/SpringBootDemo/coupon-dev/trade-coupon/target/surefire/surefirebooter4940333690718174888.jar /Users/huiningzhang/Documents/SpringBootDemo/coupon-dev/trade-coupon/target/surefire 2023-08-14T22-37-40_538-jvmRun1 surefire7920443877090036996tmp surefire_0915360755392406952tmp"/>
    <property name="http.nonProxyHosts" value="local|*.local|169.254/16|*.169.254/16"/>
    <property name="surefire.test.class.path" value="/Users/huiningzhang/Documents/SpringBootDemo/coupon-dev/trade-coupon/target/test-classes:/Users/huiningzhang/Documents/SpringBootDemo/coupon-dev/trade-coupon/target/classes:/Users/huiningzhang/.m2/repository/org/springframework/boot/spring-boot-starter-web/2.3.6.RELEASE/spring-boot-starter-web-2.3.6.RELEASE.jar:/Users/huiningzhang/.m2/repository/org/springframework/boot/spring-boot-starter/2.3.6.RELEASE/spring-boot-starter-2.3.6.RELEASE.jar:/Users/huiningzhang/.m2/repository/org/springframework/boot/spring-boot-starter-logging/2.3.6.RELEASE/spring-boot-starter-logging-2.3.6.RELEASE.jar:/Users/huiningzhang/.m2/repository/ch/qos/logback/logback-classic/1.2.3/logback-classic-1.2.3.jar:/Users/huiningzhang/.m2/repository/ch/qos/logback/logback-core/1.2.3/logback-core-1.2.3.jar:/Users/huiningzhang/.m2/repository/org/apache/logging/log4j/log4j-to-slf4j/2.13.3/log4j-to-slf4j-2.13.3.jar:/Users/huiningzhang/.m2/repository/org/apache/logging/log4j/log4j-api/2.13.3/log4j-api-2.13.3.jar:/Users/huiningzhang/.m2/repository/org/slf4j/jul-to-slf4j/1.7.30/jul-to-slf4j-1.7.30.jar:/Users/huiningzhang/.m2/repository/jakarta/annotation/jakarta.annotation-api/1.3.5/jakarta.annotation-api-1.3.5.jar:/Users/huiningzhang/.m2/repository/org/yaml/snakeyaml/1.26/snakeyaml-1.26.jar:/Users/huiningzhang/.m2/repository/org/springframework/boot/spring-boot-starter-json/2.3.6.RELEASE/spring-boot-starter-json-2.3.6.RELEASE.jar:/Users/huiningzhang/.m2/repository/com/fasterxml/jackson/core/jackson-databind/2.11.3/jackson-databind-2.11.3.jar:/Users/huiningzhang/.m2/repository/com/fasterxml/jackson/core/jackson-annotations/2.11.3/jackson-annotations-2.11.3.jar:/Users/huiningzhang/.m2/repository/com/fasterxml/jackson/core/jackson-core/2.11.3/jackson-core-2.11.3.jar:/Users/huiningzhang/.m2/repository/com/fasterxml/jackson/datatype/jackson-datatype-jdk8/2.11.3/jackson-datatype-jdk8-2.11.3.jar:/Users/huiningzhang/.m2/repository/com/fasterxml/jackson/datatype/jackson-datatype-jsr310/2.11.3/jackson-datatype-jsr310-2.11.3.jar:/Users/huiningzhang/.m2/repository/com/fasterxml/jackson/module/jackson-module-parameter-names/2.11.3/jackson-module-parameter-names-2.11.3.jar:/Users/huiningzhang/.m2/repository/org/springframework/boot/spring-boot-starter-tomcat/2.3.6.RELEASE/spring-boot-starter-tomcat-2.3.6.RELEASE.jar:/Users/huiningzhang/.m2/repository/org/apache/tomcat/embed/tomcat-embed-core/9.0.39/tomcat-embed-core-9.0.39.jar:/Users/huiningzhang/.m2/repository/org/glassfish/jakarta.el/3.0.3/jakarta.el-3.0.3.jar:/Users/huiningzhang/.m2/repository/org/apache/tomcat/embed/tomcat-embed-websocket/9.0.39/tomcat-embed-websocket-9.0.39.jar:/Users/huiningzhang/.m2/repository/org/springframework/spring-web/5.2.11.RELEASE/spring-web-5.2.11.RELEASE.jar:/Users/huiningzhang/.m2/repository/org/springframework/spring-beans/5.2.11.RELEASE/spring-beans-5.2.11.RELEASE.jar:/Users/huiningzhang/.m2/repository/org/springframework/spring-webmvc/5.2.11.RELEASE/spring-webmvc-5.2.11.RELEASE.jar:/Users/huiningzhang/.m2/repository/org/springframework/spring-aop/5.2.11.RELEASE/spring-aop-5.2.11.RELEASE.jar:/Users/huiningzhang/.m2/repository/org/springframework/spring-expression/5.2.11.RELEASE/spring-expression-5.2.11.RELEASE.jar:/Users/huiningzhang/.m2/repository/org/springframework/boot/spring-boot-starter-actuator/2.3.6.RELEASE/spring-boot-starter-actuator-2.3.6.RELEASE.jar:/Users/huiningzhang/.m2/repository/org/springframework/boot/spring-boot-actuator-autoconfigure/2.3.6.RELEASE/spring-boot-actuator-autoconfigure-2.3.6.RELEASE.jar:/Users/huiningzhang/.m2/repository/org/springframework/boot/spring-boot-actuator/2.3.6.RELEASE/spring-boot-actuator-2.3.6.RELEASE.jar:/Users/huiningzhang/.m2/repository/io/micrometer/micrometer-core/1.5.7/micrometer-core-1.5.7.jar:/Users/huiningzhang/.m2/repository/org/hdrhistogram/HdrHistogram/2.1.12/HdrHistogram-2.1.12.jar:/Users/huiningzhang/.m2/repository/org/latencyutils/LatencyUtils/2.0.3/LatencyUtils-2.0.3.jar:/Users/huiningzhang/.m2/repository/org/springframework/cloud/spring-cloud-starter-consul-discovery/2.2.1.RELEASE/spring-cloud-starter-consul-discovery-2.2.1.RELEASE.jar:/Users/huiningzhang/.m2/repository/org/springframework/cloud/spring-cloud-starter-consul/2.2.1.RELEASE/spring-cloud-starter-consul-2.2.1.RELEASE.jar:/Users/huiningzhang/.m2/repository/org/springframework/cloud/spring-cloud-context/2.2.1.RELEASE/spring-cloud-context-2.2.1.RELEASE.jar:/Users/huiningzhang/.m2/repository/org/springframework/cloud/spring-cloud-consul-core/2.2.1.RELEASE/spring-cloud-consul-core-2.2.1.RELEASE.jar:/Users/huiningzhang/.m2/repository/com/ecwid/consul/consul-api/1.4.1/consul-api-1.4.1.jar:/Users/huiningzhang/.m2/repository/com/google/code/gson/gson/2.8.6/gson-2.8.6.jar:/Users/huiningzhang/.m2/repository/org/apache/httpcomponents/httpclient/4.5.13/httpclient-4.5.13.jar:/Users/huiningzhang/.m2/repository/commons-codec/commons-codec/1.14/commons-codec-1.14.jar:/Users/huiningzhang/.m2/repository/org/apache/httpcomponents/httpcore/4.4.13/httpcore-4.4.13.jar:/Users/huiningzhang/.m2/repository/org/springframework/cloud/spring-cloud-consul-discovery/2.2.1.RELEASE/spring-cloud-consul-discovery-2.2.1.RELEASE.jar:/Users/huiningzhang/.m2/repository/commons-configuration/commons-configuration/1.8/commons-configuration-1.8.jar:/Users/huiningzhang/.m2/repository/commons-lang/commons-lang/2.6/commons-lang-2.6.jar:/Users/huiningzhang/.m2/repository/org/springframework/cloud/spring-cloud-netflix-hystrix/2.2.1.RELEASE/spring-cloud-netflix-hystrix-2.2.1.RELEASE.jar:/Users/huiningzhang/.m2/repository/org/springframework/boot/spring-boot-starter-aop/2.3.6.RELEASE/spring-boot-starter-aop-2.3.6.RELEASE.jar:/Users/huiningzhang/.m2/repository/org/aspectj/aspectjweaver/1.9.6/aspectjweaver-1.9.6.jar:/Users/huiningzhang/.m2/repository/org/springframework/cloud/spring-cloud-starter-netflix-ribbon/2.2.1.RELEASE/spring-cloud-starter-netflix-ribbon-2.2.1.RELEASE.jar:/Users/huiningzhang/.m2/repository/org/springframework/cloud/spring-cloud-netflix-ribbon/2.2.1.RELEASE/spring-cloud-netflix-ribbon-2.2.1.RELEASE.jar:/Users/huiningzhang/.m2/repository/org/springframework/cloud/spring-cloud-netflix-archaius/2.2.1.RELEASE/spring-cloud-netflix-archaius-2.2.1.RELEASE.jar:/Users/huiningzhang/.m2/repository/org/springframework/cloud/spring-cloud-starter-netflix-archaius/2.2.1.RELEASE/spring-cloud-starter-netflix-archaius-2.2.1.RELEASE.jar:/Users/huiningzhang/.m2/repository/com/netflix/ribbon/ribbon/2.3.0/ribbon-2.3.0.jar:/Users/huiningzhang/.m2/repository/com/netflix/ribbon/ribbon-transport/2.3.0/ribbon-transport-2.3.0.jar:/Users/huiningzhang/.m2/repository/io/reactivex/rxnetty-contexts/0.4.9/rxnetty-contexts-0.4.9.jar:/Users/huiningzhang/.m2/repository/io/reactivex/rxnetty-servo/0.4.9/rxnetty-servo-0.4.9.jar:/Users/huiningzhang/.m2/repository/javax/inject/javax.inject/1/javax.inject-1.jar:/Users/huiningzhang/.m2/repository/io/reactivex/rxnetty/0.4.9/rxnetty-0.4.9.jar:/Users/huiningzhang/.m2/repository/com/google/guava/guava/16.0.1/guava-16.0.1.jar:/Users/huiningzhang/.m2/repository/com/netflix/ribbon/ribbon-core/2.3.0/ribbon-core-2.3.0.jar:/Users/huiningzhang/.m2/repository/com/netflix/ribbon/ribbon-httpclient/2.3.0/ribbon-httpclient-2.3.0.jar:/Users/huiningzhang/.m2/repository/commons-collections/commons-collections/3.2.2/commons-collections-3.2.2.jar:/Users/huiningzhang/.m2/repository/com/sun/jersey/jersey-client/1.19.1/jersey-client-1.19.1.jar:/Users/huiningzhang/.m2/repository/com/sun/jersey/jersey-core/1.19.1/jersey-core-1.19.1.jar:/Users/huiningzhang/.m2/repository/javax/ws/rs/jsr311-api/1.1.1/jsr311-api-1.1.1.jar:/Users/huiningzhang/.m2/repository/com/sun/jersey/contribs/jersey-apache-client4/1.19.1/jersey-apache-client4-1.19.1.jar:/Users/huiningzhang/.m2/repository/com/netflix/servo/servo-core/0.12.21/servo-core-0.12.21.jar:/Users/huiningzhang/.m2/repository/com/netflix/netflix-commons/netflix-commons-util/0.3.0/netflix-commons-util-0.3.0.jar:/Users/huiningzhang/.m2/repository/com/netflix/ribbon/ribbon-loadbalancer/2.3.0/ribbon-loadbalancer-2.3.0.jar:/Users/huiningzhang/.m2/repository/com/netflix/netflix-commons/netflix-statistics/0.1.1/netflix-statistics-0.1.1.jar:/Users/huiningzhang/.m2/repository/io/reactivex/rxjava/1.3.8/rxjava-1.3.8.jar:/Users/huiningzhang/.m2/repository/org/springframework/cloud/spring-cloud-starter-loadbalancer/2.2.1.RELEASE/spring-cloud-starter-loadbalancer-2.2.1.RELEASE.jar:/Users/huiningzhang/.m2/repository/org/springframework/cloud/spring-cloud-loadbalancer/2.2.1.RELEASE/spring-cloud-loadbalancer-2.2.1.RELEASE.jar:/Users/huiningzhang/.m2/repository/io/projectreactor/reactor-core/3.3.11.RELEASE/reactor-core-3.3.11.RELEASE.jar:/Users/huiningzhang/.m2/repository/org/reactivestreams/reactive-streams/1.0.3/reactive-streams-1.0.3.jar:/Users/huiningzhang/.m2/repository/io/projectreactor/addons/reactor-extra/3.3.4.RELEASE/reactor-extra-3.3.4.RELEASE.jar:/Users/huiningzhang/.m2/repository/org/springframework/boot/spring-boot-starter-cache/2.3.6.RELEASE/spring-boot-starter-cache-2.3.6.RELEASE.jar:/Users/huiningzhang/.m2/repository/org/springframework/spring-context-support/5.2.11.RELEASE/spring-context-support-5.2.11.RELEASE.jar:/Users/huiningzhang/.m2/repository/com/stoyanr/evictor/1.0.0/evictor-1.0.0.jar:/Users/huiningzhang/.m2/repository/joda-time/joda-time/2.10.5/joda-time-2.10.5.jar:/Users/huiningzhang/.m2/repository/org/springframework/boot/spring-boot-starter-test/2.3.6.RELEASE/spring-boot-starter-test-2.3.6.RELEASE.jar:/Users/huiningzhang/.m2/repository/org/springframework/boot/spring-boot-test/2.3.6.RELEASE/spring-boot-test-2.3.6.RELEASE.jar:/Users/huiningzhang/.m2/repository/org/springframework/boot/spring-boot-test-autoconfigure/2.3.6.RELEASE/spring-boot-test-autoconfigure-2.3.6.RELEASE.jar:/Users/huiningzhang/.m2/repository/com/jayway/jsonpath/json-path/2.4.0/json-path-2.4.0.jar:/Users/huiningzhang/.m2/repository/net/minidev/json-smart/2.3/json-smart-2.3.jar:/Users/huiningzhang/.m2/repository/net/minidev/accessors-smart/1.2/accessors-smart-1.2.jar:/Users/huiningzhang/.m2/repository/org/ow2/asm/asm/5.0.4/asm-5.0.4.jar:/Users/huiningzhang/.m2/repository/jakarta/xml/bind/jakarta.xml.bind-api/2.3.3/jakarta.xml.bind-api-2.3.3.jar:/Users/huiningzhang/.m2/repository/jakarta/activation/jakarta.activation-api/1.2.2/jakarta.activation-api-1.2.2.jar:/Users/huiningzhang/.m2/repository/org/assertj/assertj-core/3.16.1/assertj-core-3.16.1.jar:/Users/huiningzhang/.m2/repository/org/hamcrest/hamcrest/2.2/hamcrest-2.2.jar:/Users/huiningzhang/.m2/repository/org/junit/jupiter/junit-jupiter/5.6.3/junit-jupiter-5.6.3.jar:/Users/huiningzhang/.m2/repository/org/junit/jupiter/junit-jupiter-api/5.6.3/junit-jupiter-api-5.6.3.jar:/Users/huiningzhang/.m2/repository/org/opentest4j/opentest4j/1.2.0/opentest4j-1.2.0.jar:/Users/huiningzhang/.m2/repository/org/junit/platform/junit-platform-commons/1.6.3/junit-platform-commons-1.6.3.jar:/Users/huiningzhang/.m2/repository/org/junit/jupiter/junit-jupiter-params/5.6.3/junit-jupiter-params-5.6.3.jar:/Users/huiningzhang/.m2/repository/org/junit/jupiter/junit-jupiter-engine/5.6.3/junit-jupiter-engine-5.6.3.jar:/Users/huiningzhang/.m2/repository/org/junit/vintage/junit-vintage-engine/5.6.3/junit-vintage-engine-5.6.3.jar:/Users/huiningzhang/.m2/repository/org/apiguardian/apiguardian-api/1.1.0/apiguardian-api-1.1.0.jar:/Users/huiningzhang/.m2/repository/org/junit/platform/junit-platform-engine/1.6.3/junit-platform-engine-1.6.3.jar:/Users/huiningzhang/.m2/repository/junit/junit/4.13.1/junit-4.13.1.jar:/Users/huiningzhang/.m2/repository/org/mockito/mockito-core/3.3.3/mockito-core-3.3.3.jar:/Users/huiningzhang/.m2/repository/net/bytebuddy/byte-buddy/1.10.18/byte-buddy-1.10.18.jar:/Users/huiningzhang/.m2/repository/net/bytebuddy/byte-buddy-agent/1.10.18/byte-buddy-agent-1.10.18.jar:/Users/huiningzhang/.m2/repository/org/objenesis/objenesis/2.6/objenesis-2.6.jar:/Users/huiningzhang/.m2/repository/org/mockito/mockito-junit-jupiter/3.3.3/mockito-junit-jupiter-3.3.3.jar:/Users/huiningzhang/.m2/repository/org/skyscreamer/jsonassert/1.5.0/jsonassert-1.5.0.jar:/Users/huiningzhang/.m2/repository/com/vaadin/external/google/android-json/0.0.20131108.vaadin1/android-json-0.0.20131108.vaadin1.jar:/Users/huiningzhang/.m2/repository/org/springframework/spring-core/5.2.11.RELEASE/spring-core-5.2.11.RELEASE.jar:/Users/huiningzhang/.m2/repository/org/springframework/spring-jcl/5.2.11.RELEASE/spring-jcl-5.2.11.RELEASE.jar:/Users/huiningzhang/.m2/repository/org/springframework/spring-test/5.2.11.RELEASE/spring-test-5.2.11.RELEASE.jar:/Users/huiningzhang/.m2/repository/org/xmlunit/xmlunit-core/2.7.0/xmlunit-core-2.7.0.jar:/Users/huiningzhang/.m2/repository/org/springframework/cloud/spring-cloud-starter-openfeign/2.2.1.RELEASE/spring-cloud-starter-openfeign-2.2.1.RELEASE.jar:/Users/huiningzhang/.m2/repository/org/springframework/cloud/spring-cloud-starter/2.2.1.RELEASE/spring-cloud-starter-2.2.1.RELEASE.jar:/Users/huiningzhang/.m2/repository/org/springframework/security/spring-security-rsa/1.0.9.RELEASE/spring-security-rsa-1.0.9.RELEASE.jar:/Users/huiningzhang/.m2/repository/org/bouncycastle/bcpkix-jdk15on/1.64/bcpkix-jdk15on-1.64.jar:/Users/huiningzhang/.m2/repository/org/bouncycastle/bcprov-jdk15on/1.64/bcprov-jdk15on-1.64.jar:/Users/huiningzhang/.m2/repository/org/springframework/cloud/spring-cloud-openfeign-core/2.2.1.RELEASE/spring-cloud-openfeign-core-2.2.1.RELEASE.jar:/Users/huiningzhang/.m2/repository/io/github/openfeign/form/feign-form-spring/3.8.0/feign-form-spring-3.8.0.jar:/Users/huiningzhang/.m2/repository/io/github/openfeign/form/feign-form/3.8.0/feign-form-3.8.0.jar:/Users/huiningzhang/.m2/repository/commons-fileupload/commons-fileupload/1.4/commons-fileupload-1.4.jar:/Users/huiningzhang/.m2/repository/commons-io/commons-io/2.2/commons-io-2.2.jar:/Users/huiningzhang/.m2/repository/org/springframework/cloud/spring-cloud-commons/2.2.1.RELEASE/spring-cloud-commons-2.2.1.RELEASE.jar:/Users/huiningzhang/.m2/repository/org/springframework/security/spring-security-crypto/5.3.5.RELEASE/spring-security-crypto-5.3.5.RELEASE.jar:/Users/huiningzhang/.m2/repository/io/github/openfeign/feign-core/10.4.0/feign-core-10.4.0.jar:/Users/huiningzhang/.m2/repository/io/github/openfeign/feign-slf4j/10.4.0/feign-slf4j-10.4.0.jar:/Users/huiningzhang/.m2/repository/io/github/openfeign/feign-hystrix/10.4.0/feign-hystrix-10.4.0.jar:/Users/huiningzhang/.m2/repository/com/netflix/archaius/archaius-core/0.7.6/archaius-core-0.7.6.jar:/Users/huiningzhang/.m2/repository/com/google/code/findbugs/jsr305/3.0.1/jsr305-3.0.1.jar:/Users/huiningzhang/.m2/repository/com/netflix/hystrix/hystrix-core/1.5.18/hystrix-core-1.5.18.jar:/Users/huiningzhang/.m2/repository/org/springframework/boot/spring-boot-devtools/2.3.6.RELEASE/spring-boot-devtools-2.3.6.RELEASE.jar:/Users/huiningzhang/.m2/repository/org/springframework/boot/spring-boot/2.3.6.RELEASE/spring-boot-2.3.6.RELEASE.jar:/Users/huiningzhang/.m2/repository/org/springframework/boot/spring-boot-autoconfigure/2.3.6.RELEASE/spring-boot-autoconfigure-2.3.6.RELEASE.jar:/Users/huiningzhang/.m2/repository/org/projectlombok/lombok/1.18.16/lombok-1.18.16.jar:/Users/huiningzhang/.m2/repository/mysql/mysql-connector-java/8.0.22/mysql-connector-java-8.0.22.jar:/Users/huiningzhang/.m2/repository/org/mybatis/generator/mybatis-generator-core/1.3.7/mybatis-generator-core-1.3.7.jar:/Users/huiningzhang/.m2/repository/org/mybatis/spring/boot/mybatis-spring-boot-starter/2.1.2/mybatis-spring-boot-starter-2.1.2.jar:/Users/huiningzhang/.m2/repository/org/springframework/boot/spring-boot-starter-jdbc/2.3.6.RELEASE/spring-boot-starter-jdbc-2.3.6.RELEASE.jar:/Users/huiningzhang/.m2/repository/com/zaxxer/HikariCP/3.4.5/HikariCP-3.4.5.jar:/Users/huiningzhang/.m2/repository/org/springframework/spring-jdbc/5.2.11.RELEASE/spring-jdbc-5.2.11.RELEASE.jar:/Users/huiningzhang/.m2/repository/org/mybatis/spring/boot/mybatis-spring-boot-autoconfigure/2.1.2/mybatis-spring-boot-autoconfigure-2.1.2.jar:/Users/huiningzhang/.m2/repository/org/mybatis/mybatis/3.5.4/mybatis-3.5.4.jar:/Users/huiningzhang/.m2/repository/org/mybatis/mybatis-spring/2.0.4/mybatis-spring-2.0.4.jar:/Users/huiningzhang/.m2/repository/com/alibaba/fastjson/1.2.75/fastjson-1.2.75.jar:/Users/huiningzhang/.m2/repository/redis/clients/jedis/3.6.2/jedis-3.6.2.jar:/Users/huiningzhang/.m2/repository/org/slf4j/slf4j-api/1.7.30/slf4j-api-1.7.30.jar:/Users/huiningzhang/.m2/repository/org/apache/commons/commons-pool2/2.8.1/commons-pool2-2.8.1.jar:/Users/huiningzhang/.m2/repository/org/springframework/kafka/spring-kafka/2.5.8.RELEASE/spring-kafka-2.5.8.RELEASE.jar:/Users/huiningzhang/.m2/repository/org/springframework/spring-context/5.2.11.RELEASE/spring-context-5.2.11.RELEASE.jar:/Users/huiningzhang/.m2/repository/org/springframework/spring-messaging/5.2.11.RELEASE/spring-messaging-5.2.11.RELEASE.jar:/Users/huiningzhang/.m2/repository/org/springframework/spring-tx/5.2.11.RELEASE/spring-tx-5.2.11.RELEASE.jar:/Users/huiningzhang/.m2/repository/org/springframework/retry/spring-retry/1.2.5.RELEASE/spring-retry-1.2.5.RELEASE.jar:/Users/huiningzhang/.m2/repository/org/apache/kafka/kafka-clients/2.5.1/kafka-clients-2.5.1.jar:/Users/huiningzhang/.m2/repository/com/github/luben/zstd-jni/1.4.4-7/zstd-jni-1.4.4-7.jar:/Users/huiningzhang/.m2/repository/org/lz4/lz4-java/1.7.1/lz4-java-1.7.1.jar:/Users/huiningzhang/.m2/repository/org/xerial/snappy/snappy-java/1.1.7.3/snappy-java-1.1.7.3.jar:"/>
    <property name="sun.cpu.endian" value="little"/>
    <property name="user.home" value="/Users/huiningzhang"/>
    <property name="user.language" value="en"/>
    <property name="java.specification.vendor" value="Oracle Corporation"/>
    <property name="java.home" value="/Library/Java/JavaVirtualMachines/jdk1.8.0_201.jdk/Contents/Home/jre"/>
    <property name="basedir" value="/Users/huiningzhang/Documents/SpringBootDemo/coupon-dev/trade-coupon"/>
    <property name="file.separator" value="/"/>
    <property name="line.separator" value="&#10;"/>
    <property name="java.vm.specification.vendor" value="Oracle Corporation"/>
    <property name="java.specification.name" value="Java Platform API Specification"/>
    <property name="java.awt.graphicsenv" value="sun.awt.CGraphicsEnvironment"/>
    <property name="surefire.real.class.path" value="/Users/huiningzhang/Documents/SpringBootDemo/coupon-dev/trade-coupon/target/surefire/surefirebooter4940333690718174888.jar"/>
    <property name="sun.boot.class.path" value="/Library/Java/JavaVirtualMachines/jdk1.8.0_201.jdk/Contents/Home/jre/lib/resources.jar:/Library/Java/JavaVirtualMachines/jdk1.8.0_201.jdk/Contents/Home/jre/lib/rt.jar:/Library/Java/JavaVirtualMachines/jdk1.8.0_201.jdk/Contents/Home/jre/lib/sunrsasign.jar:/Library/Java/JavaVirtualMachines/jdk1.8.0_201.jdk/Contents/Home/jre/lib/jsse.jar:/Library/Java/JavaVirtualMachines/jdk1.8.0_201.jdk/Contents/Home/jre/lib/jce.jar:/Library/Java/JavaVirtualMachines/jdk1.8.0_201.jdk/Contents/Home/jre/lib/charsets.jar:/Library/Java/JavaVirtualMachines/jdk1.8.0_201.jdk/Contents/Home/jre/lib/jfr.jar:/Library/Java/JavaVirtualMachines/jdk1.8.0_201.jdk/Contents/Home/jre/classes"/>
    <property name="sun.management.compiler" value="HotSpot 64-Bit Tiered Compilers"/>
    <property name="ftp.nonProxyHosts" value="local|*.local|169.254/16|*.169.254/16"/>
    <property name="java.runtime.version" value="1.8.0_201-b09"/>
    <property name="user.name" value="huiningzhang"/>
    <property name="path.separator" value=":"/>
    <property name="os.version" value="10.16"/>
    <property name="java.endorsed.dirs" value="/Library/Java/JavaVirtualMachines/jdk1.8.0_201.jdk/Contents/Home/jre/lib/endorsed"/>
    <property name="java.runtime.name" value="Java(TM) SE Runtime Environment"/>
    <property name="file.encoding" value="UTF-8"/>
    <property name="java.vm.name" value="Java HotSpot(TM) 64-Bit Server VM"/>
    <property name="localRepository" value="/Users/huiningzhang/.m2/repository"/>
    <property name="java.vendor.url.bug" value="http://bugreport.sun.com/bugreport/"/>
    <property name="java.io.tmpdir" value="/var/folders/7s/l0xwvzl57zv92cstrwlzw7xm0000gn/T/"/>
    <property name="idea.version" value="2023.1.2"/>
    <property name="java.version" value="1.8.0_201"/>
    <property name="user.dir" value="/Users/huiningzhang/Documents/SpringBootDemo/coupon-dev/trade-coupon"/>
    <property name="os.arch" value="x86_64"/>
    <property name="java.vm.specification.name" value="Java Virtual Machine Specification"/>
    <property name="java.awt.printerjob" value="sun.lwawt.macosx.CPrinterJob"/>
    <property name="sun.os.patch.level" value="unknown"/>
    <property name="java.library.path" value="/Users/huiningzhang/Library/Java/Extensions:/Library/Java/Extensions:/Network/Library/Java/Extensions:/System/Library/Java/Extensions:/usr/lib/java:."/>
    <property name="java.vm.info" value="mixed mode"/>
    <property name="java.vendor" value="Oracle Corporation"/>
    <property name="java.vm.version" value="25.201-b09"/>
    <property name="java.ext.dirs" value="/Users/huiningzhang/Library/Java/Extensions:/Library/Java/JavaVirtualMachines/jdk1.8.0_201.jdk/Contents/Home/jre/lib/ext:/Library/Java/Extensions:/Network/Library/Java/Extensions:/System/Library/Java/Extensions:/usr/lib/java"/>
    <property name="sun.io.unicode.encoding" value="UnicodeBig"/>
    <property name="java.class.version" value="52.0"/>
    <property name="socksNonProxyHosts" value="local|*.local|169.254/16|*.169.254/16"/>
  </properties>
  <testcase name="redisLockTest" classname="com.shangan.trade.coupon.RedisTest" time="0.545"/>
  <testcase name="getValueTest" classname="com.shangan.trade.coupon.RedisTest" time="0.016"/>
  <testcase name="setValueTest" classname="com.shangan.trade.coupon.RedisTest" time="0.004"/>
</testsuite>